Release 14.7 - xst P.20131013 (nt64)
Copyright (c) 1995-2013 Xilinx, Inc.  All rights reserved.
--> Parameter TMPDIR set to xst/projnav.tmp


Total REAL time to Xst completion: 0.00 secs
Total CPU time to Xst completion: 0.20 secs
 
--> Parameter xsthdpdir set to xst


Total REAL time to Xst completion: 0.00 secs
Total CPU time to Xst completion: 0.20 secs
 
--> Reading design: CODI7SEG.prj

TABLE OF CONTENTS
  1) Synthesis Options Summary
  2) HDL Parsing
  3) HDL Elaboration
  4) HDL Synthesis
       4.1) HDL Synthesis Report
  5) Advanced HDL Synthesis
       5.1) Advanced HDL Synthesis Report
  6) Low Level Synthesis
  7) Partition Report
  8) Design Summary
       8.1) Primitive and Black Box Usage
       8.2) Device utilization summary
       8.3) Partition Resource Summary
       8.4) Timing Report
            8.4.1) Clock Information
            8.4.2) Asynchronous Control Signals Information
            8.4.3) Timing Summary
            8.4.4) Timing Details
            8.4.5) Cross Clock Domains Report


=========================================================================
*                      Synthesis Options Summary                        *
=========================================================================
---- Source Parameters
Input File Name                    : "CODI7SEG.prj"
Ignore Synthesis Constraint File   : NO

---- Target Parameters
Output File Name                   : "CODI7SEG"
Output Format                      : NGC
Target Device                      : xc6slx9-3-csg225

---- Source Options
Top Module Name                    : CODI7SEG
Automatic FSM Extraction           : YES
FSM Encoding Algorithm             : Auto
Safe Implementation                : No
FSM Style                          : LUT
RAM Extraction                     : Yes
RAM Style                          : Auto
ROM Extraction                     : Yes
Shift Register Extraction          : YES
ROM Style                          : Auto
Resource Sharing                   : YES
Asynchronous To Synchronous        : NO
Shift Register Minimum Size        : 2
Use DSP Block                      : Auto
Automatic Register Balancing       : No

---- Target Options
LUT Combining                      : Auto
Reduce Control Sets                : Auto
Add IO Buffers                     : YES
Global Maximum Fanout              : 100000
Add Generic Clock Buffer(BUFG)     : 16
Register Duplication               : YES
Optimize Instantiated Primitives   : NO
Use Clock Enable                   : Auto
Use Synchronous Set                : Auto
Use Synchronous Reset              : Auto
Pack IO Registers into IOBs        : Auto
Equivalent register Removal        : YES

---- General Options
Optimization Goal                  : Speed
Optimization Effort                : 1
Power Reduction                    : NO
Keep Hierarchy                     : No
Netlist Hierarchy                  : As_Optimized
RTL Output                         : Yes
Global Optimization                : AllClockNets
Read Cores                         : YES
Write Timing Constraints           : NO
Cross Clock Analysis               : NO
Hierarchy Separator                : /
Bus Delimiter                      : <>
Case Specifier                     : Maintain
Slice Utilization Ratio            : 100
BRAM Utilization Ratio             : 100
DSP48 Utilization Ratio            : 100
Auto BRAM Packing                  : NO
Slice Utilization Ratio Delta      : 5

=========================================================================


=========================================================================
*                          HDL Parsing                                  *
=========================================================================
Parsing VHDL file "D:\SEMESTRE V\CIRCUITOS LOGICOS\CIDIFICADOR7SEG\CODI7SEG.vhd" into library work
Parsing entity <CODI7SEG>.
ERROR:HDLCompiler:32 - "D:\SEMESTRE V\CIRCUITOS LOGICOS\CIDIFICADOR7SEG\CODI7SEG.vhd" Line 38: <a> is already declared in this region.
ERROR:HDLCompiler:32 - "D:\SEMESTRE V\CIRCUITOS LOGICOS\CIDIFICADOR7SEG\CODI7SEG.vhd" Line 39: <b> is already declared in this region.
ERROR:HDLCompiler:32 - "D:\SEMESTRE V\CIRCUITOS LOGICOS\CIDIFICADOR7SEG\CODI7SEG.vhd" Line 40: <c> is already declared in this region.
ERROR:HDLCompiler:32 - "D:\SEMESTRE V\CIRCUITOS LOGICOS\CIDIFICADOR7SEG\CODI7SEG.vhd" Line 41: <d> is already declared in this region.
ERROR:HDLCompiler:854 - "D:\SEMESTRE V\CIRCUITOS LOGICOS\CIDIFICADOR7SEG\CODI7SEG.vhd" Line 32: Unit <codi7seg> ignored due to previous errors.
Parsing architecture <Behavioral> of entity <codi7seg>.
ERROR:HDLCompiler:374 - "D:\SEMESTRE V\CIRCUITOS LOGICOS\CIDIFICADOR7SEG\CODI7SEG.vhd" Line 47: Entity <codi7seg> is not yet compiled.
ERROR:HDLCompiler:69 - "D:\SEMESTRE V\CIRCUITOS LOGICOS\CIDIFICADOR7SEG\CODI7SEG.vhd" Line 55: <a> is not declared.
ERROR:HDLCompiler:69 - "D:\SEMESTRE V\CIRCUITOS LOGICOS\CIDIFICADOR7SEG\CODI7SEG.vhd" Line 56: <b> is not declared.
ERROR:HDLCompiler:69 - "D:\SEMESTRE V\CIRCUITOS LOGICOS\CIDIFICADOR7SEG\CODI7SEG.vhd" Line 57: <c> is not declared.
ERROR:HDLCompiler:69 - "D:\SEMESTRE V\CIRCUITOS LOGICOS\CIDIFICADOR7SEG\CODI7SEG.vhd" Line 58: <d> is not declared.
ERROR:HDLCompiler:69 - "D:\SEMESTRE V\CIRCUITOS LOGICOS\CIDIFICADOR7SEG\CODI7SEG.vhd" Line 59: <e> is not declared.
ERROR:HDLCompiler:69 - "D:\SEMESTRE V\CIRCUITOS LOGICOS\CIDIFICADOR7SEG\CODI7SEG.vhd" Line 60: <f> is not declared.
ERROR:HDLCompiler:69 - "D:\SEMESTRE V\CIRCUITOS LOGICOS\CIDIFICADOR7SEG\CODI7SEG.vhd" Line 61: <g> is not declared.
ERROR:HDLCompiler:69 - "D:\SEMESTRE V\CIRCUITOS LOGICOS\CIDIFICADOR7SEG\CODI7SEG.vhd" Line 63: <a> is not declared.
ERROR:HDLCompiler:69 - "D:\SEMESTRE V\CIRCUITOS LOGICOS\CIDIFICADOR7SEG\CODI7SEG.vhd" Line 64: <b> is not declared.
ERROR:HDLCompiler:69 - "D:\SEMESTRE V\CIRCUITOS LOGICOS\CIDIFICADOR7SEG\CODI7SEG.vhd" Line 65: <c> is not declared.
ERROR:HDLCompiler:69 - "D:\SEMESTRE V\CIRCUITOS LOGICOS\CIDIFICADOR7SEG\CODI7SEG.vhd" Line 66: <d> is not declared.
ERROR:HDLCompiler:69 - "D:\SEMESTRE V\CIRCUITOS LOGICOS\CIDIFICADOR7SEG\CODI7SEG.vhd" Line 67: <e> is not declared.
ERROR:HDLCompiler:69 - "D:\SEMESTRE V\CIRCUITOS LOGICOS\CIDIFICADOR7SEG\CODI7SEG.vhd" Line 68: <f> is not declared.
Sorry, too many errors..
--> 

Total memory usage is 4449564 kilobytes

Number of errors   :   19 (   0 filtered)
Number of warnings :    0 (   0 filtered)
Number of infos    :    0 (   0 filtered)

