--------------------------------------------------------------------------------
Release 14.7 Trace  (nt64)
Copyright (c) 1995-2013 Xilinx, Inc.  All rights reserved.

C:\Xilinx\14.7\ISE_DS\ISE\bin\nt64\unwrapped\trce.exe -intstyle ise -v 3 -s 3
-n 3 -fastpaths -xml CO7SEG.twx CO7SEG.ncd -o CO7SEG.twr CO7SEG.pcf

Design file:              CO7SEG.ncd
Physical constraint file: CO7SEG.pcf
Device,package,speed:     xc6slx9,csg225,C,-3 (PRODUCTION 1.23 2013-10-13)
Report level:             verbose report

Environment Variable      Effect 
--------------------      ------ 
NONE                      No environment variables were set
--------------------------------------------------------------------------------

INFO:Timing:2698 - No timing constraints found, doing default enumeration.
INFO:Timing:3412 - To improve timing, see the Timing Closure User Guide (UG612).
INFO:Timing:2752 - To get complete path coverage, use the unconstrained paths 
   option. All paths that are not constrained will be reported in the 
   unconstrained paths section(s) of the report.
INFO:Timing:3339 - The clock-to-out numbers in this timing report are based on 
   a 50 Ohm transmission line loading model.  For the details of this model, 
   and for more information on accounting for different loading conditions, 
   please see the device datasheet.



Data Sheet report:
-----------------
All values displayed in nanoseconds (ns)

Pad to Pad
---------------+---------------+---------+
Source Pad     |Destination Pad|  Delay  |
---------------+---------------+---------+
Input<0>       |Output<0>      |    6.812|
Input<0>       |Output<1>      |    6.808|
Input<0>       |Output<2>      |    6.922|
Input<0>       |Output<3>      |    6.848|
Input<0>       |Output<4>      |    6.808|
Input<0>       |Output<5>      |    7.200|
Input<0>       |Output<6>      |    6.937|
Input<1>       |Output<0>      |    6.997|
Input<1>       |Output<1>      |    6.783|
Input<1>       |Output<2>      |    7.107|
Input<1>       |Output<3>      |    6.925|
Input<1>       |Output<4>      |    6.783|
Input<1>       |Output<5>      |    6.918|
Input<1>       |Output<6>      |    7.014|
Input<2>       |Output<0>      |    6.568|
Input<2>       |Output<1>      |    6.897|
Input<2>       |Output<2>      |    6.678|
Input<2>       |Output<3>      |    6.679|
Input<2>       |Output<4>      |    6.897|
Input<2>       |Output<5>      |    6.769|
Input<2>       |Output<6>      |    6.768|
Input<3>       |Output<0>      |    7.258|
Input<3>       |Output<1>      |    7.549|
Input<3>       |Output<2>      |    7.368|
Input<3>       |Output<3>      |    7.372|
Input<3>       |Output<4>      |    7.549|
Input<3>       |Output<5>      |    7.502|
Input<3>       |Output<6>      |    7.461|
---------------+---------------+---------+


Analysis completed Thu May 25 19:15:12 2023 
--------------------------------------------------------------------------------

Trace Settings:
-------------------------
Trace Settings 

Peak Memory Usage: 4571 MB



