ISim log file
Running: D:\SEMESTRE V\CIRCUITOS LOGICOS\Codifica7Segmentos\CO7SEG_isim_beh.exe -intstyle ise -gui -tclbatch isim.cmd -wdb D:/SEMESTRE V/CIRCUITOS LOGICOS/Codifica7Segmentos/CO7SEG_isim_beh.wdb 
ISim P.20131013 (signature 0x7708f090)
WARNING: A WEBPACK license was found.
WARNING: Please use Xilinx License Configuration Manager to check out a full ISim license.
WARNING: ISim will run in Lite mode. Please refer to the ISim documentation for more information on the differences between the Lite and the Full version.
This is a Lite version of ISim.
Time resolution is 1 ps
# onerror resume
# wave add /
# run 1000 ns
Simulator is doing circuit initialization process.
Finished circuit initialization process.
# isim force add /co7seg/input 1 -radix bin -value 0 -radix bin -time 0 fs -repeat 0 fs
# isim force add /co7seg/input[3] 1 -radix bin -value 0 -radix bin -time 0 fs -repeat 0 fs
# isim force add /co7seg/input[3] 1 -radix bin
# isim force add /co7seg/input[2] 1 -radix bin
# isim force add /co7seg/input[2] 1 -radix bin
# isim force add /co7seg/input[1] 1 -radix bin
# isim force add /co7seg/input[1] 1 -radix bin
# isim force add /co7seg/input[0] 1 -radix bin
# isim force add /co7seg/input[0] 1 -radix bin
# run all
# run all
# run 1.00us
# run all
